This is pdfTeX, Version 3.14159265-2.6-1.40.18 (MiKTeX 2.9.6500 64-bit) (preloaded format=pdflatex 2018.2.1)  18 MAR 2018 21:11
entering extended mode
**"./Low Frequency Impedance.tex"
("Low Frequency Impedance.tex"
LaTeX2e <2017-04-15>
Babel <3.15> and hyphenation patterns for 75 language(s) loaded.
("C:\Program Files\MiKTeX 2.9\tex\latex\base\article.cls"
Document Class: article 2014/09/29 v1.4h Standard LaTeX document class
("C:\Program Files\MiKTeX 2.9\tex\latex\base\size10.clo"
File: size10.clo 2014/09/29 v1.4h Standard LaTeX file (size option)
)
\c@part=\count79
\c@section=\count80
\c@subsection=\count81
\c@subsubsection=\count82
\c@paragraph=\count83
\c@subparagraph=\count84
\c@figure=\count85
\c@table=\count86
\abovecaptionskip=\skip41
\belowcaptionskip=\skip42
\bibindent=\dimen102
)
("C:\Program Files\MiKTeX 2.9\tex\latex\geometry\geometry.sty"
Package: geometry 2010/09/12 v5.6 Page Geometry

("C:\Program Files\MiKTeX 2.9\tex\latex\graphics\keyval.sty"
Package: keyval 2014/10/28 v1.15 key=value parser (DPC)
\KV@toks@=\toks14
)
("C:\Program Files\MiKTeX 2.9\tex\generic\oberdiek\ifpdf.sty"
Package: ifpdf 2017/03/15 v3.2 Provides the ifpdf switch
)
("C:\Program Files\MiKTeX 2.9\tex\generic\oberdiek\ifvtex.sty"
Package: ifvtex 2016/05/16 v1.6 Detect VTeX and its facilities (HO)
Package ifvtex Info: VTeX not detected.
)
("C:\Program Files\MiKTeX 2.9\tex\generic\ifxetex\ifxetex.sty"
Package: ifxetex 2010/09/12 v0.6 Provides ifxetex conditional
)
\Gm@cnth=\count87
\Gm@cntv=\count88
\c@Gm@tempcnt=\count89
\Gm@bindingoffset=\dimen103
\Gm@wd@mp=\dimen104
\Gm@odd@mp=\dimen105
\Gm@even@mp=\dimen106
\Gm@layoutwidth=\dimen107
\Gm@layoutheight=\dimen108
\Gm@layouthoffset=\dimen109
\Gm@layoutvoffset=\dimen110
\Gm@dimlist=\toks15

("C:\Program Files\MiKTeX 2.9\tex\latex\geometry\geometry.cfg"))
("C:\Program Files\MiKTeX 2.9\tex\latex\amsmath\amsmath.sty"
Package: amsmath 2017/09/02 v2.17a AMS math features
\@mathmargin=\skip43

For additional information on amsmath, use the `?' option.
("C:\Program Files\MiKTeX 2.9\tex\latex\amsmath\amstext.sty"
Package: amstext 2000/06/29 v2.01 AMS text

("C:\Program Files\MiKTeX 2.9\tex\latex\amsmath\amsgen.sty"
File: amsgen.sty 1999/11/30 v2.0 generic functions
\@emptytoks=\toks16
\ex@=\dimen111
))
("C:\Program Files\MiKTeX 2.9\tex\latex\amsmath\amsbsy.sty"
Package: amsbsy 1999/11/29 v1.2d Bold Symbols
\pmbraise@=\dimen112
)
("C:\Program Files\MiKTeX 2.9\tex\latex\amsmath\amsopn.sty"
Package: amsopn 2016/03/08 v2.02 operator names
)
\inf@bad=\count90
LaTeX Info: Redefining \frac on input line 213.
\uproot@=\count91
\leftroot@=\count92
LaTeX Info: Redefining \overline on input line 375.
\classnum@=\count93
\DOTSCASE@=\count94
LaTeX Info: Redefining \ldots on input line 472.
LaTeX Info: Redefining \dots on input line 475.
LaTeX Info: Redefining \cdots on input line 596.
\Mathstrutbox@=\box26
\strutbox@=\box27
\big@size=\dimen113
LaTeX Font Info:    Redeclaring font encoding OML on input line 712.
LaTeX Font Info:    Redeclaring font encoding OMS on input line 713.
\macc@depth=\count95
\c@MaxMatrixCols=\count96
\dotsspace@=\muskip10
\c@parentequation=\count97
\dspbrk@lvl=\count98
\tag@help=\toks17
\row@=\count99
\column@=\count100
\maxfields@=\count101
\andhelp@=\toks18
\eqnshift@=\dimen114
\alignsep@=\dimen115
\tagshift@=\dimen116
\tagwidth@=\dimen117
\totwidth@=\dimen118
\lineht@=\dimen119
\@envbody=\toks19
\multlinegap=\skip44
\multlinetaggap=\skip45
\mathdisplay@stack=\toks20
LaTeX Info: Redefining \[ on input line 2817.
LaTeX Info: Redefining \] on input line 2818.
)
(C:\Users\guest1\AppData\Roaming\MiKTeX\2.9\tex\latex\ms\ragged2e.sty
Package: ragged2e 2009/05/21 v2.1 ragged2e Package (MS)

(C:\Users\guest1\AppData\Roaming\MiKTeX\2.9\tex\latex\ms\everysel.sty
Package: everysel 2011/10/28 v1.2 EverySelectfont Package (MS)
)
\CenteringLeftskip=\skip46
\RaggedLeftLeftskip=\skip47
\RaggedRightLeftskip=\skip48
\CenteringRightskip=\skip49
\RaggedLeftRightskip=\skip50
\RaggedRightRightskip=\skip51
\CenteringParfillskip=\skip52
\RaggedLeftParfillskip=\skip53
\RaggedRightParfillskip=\skip54
\JustifyingParfillskip=\skip55
\CenteringParindent=\skip56
\RaggedLeftParindent=\skip57
\RaggedRightParindent=\skip58
\JustifyingParindent=\skip59
)
(C:\Users\guest1\AppData\Roaming\MiKTeX\2.9\tex\latex\xcolor\xcolor.sty
Package: xcolor 2016/05/11 v2.12 LaTeX color extensions (UK)

("C:\Program Files\MiKTeX 2.9\tex\latex\graphics-cfg\color.cfg"
File: color.cfg 2016/01/02 v1.6 sample color configuration
)
Package xcolor Info: Driver file: pdftex.def on input line 225.

("C:\Program Files\MiKTeX 2.9\tex\latex\graphics-def\pdftex.def"
File: pdftex.def 2017/06/24 v1.0g Graphics/color driver for pdftex
)
(C:\Users\guest1\AppData\Roaming\MiKTeX\2.9\tex\latex\colortbl\colortbl.sty
Package: colortbl 2012/02/13 v1.0a Color table columns (DPC)

("C:\Program Files\MiKTeX 2.9\tex\latex\tools\array.sty"
Package: array 2016/10/06 v2.4d Tabular extension package (FMi)
\col@sep=\dimen120
\extrarowheight=\dimen121
\NC@list=\toks21
\extratabsurround=\skip60
\backup@length=\skip61
)
\everycr=\toks22
\minrowclearance=\skip62
)
\rownum=\count102
Package xcolor Info: Model `cmy' substituted by `cmy0' on input line 1348.
Package xcolor Info: Model `hsb' substituted by `rgb' on input line 1352.
Package xcolor Info: Model `RGB' extended on input line 1364.
Package xcolor Info: Model `HTML' substituted by `rgb' on input line 1366.
Package xcolor Info: Model `Hsb' substituted by `hsb' on input line 1367.
Package xcolor Info: Model `tHsb' substituted by `hsb' on input line 1368.
Package xcolor Info: Model `HSB' substituted by `hsb' on input line 1369.
Package xcolor Info: Model `Gray' substituted by `gray' on input line 1370.
Package xcolor Info: Model `wave' substituted by `hsb' on input line 1371.
)
("C:\Program Files\MiKTeX 2.9\tex\latex\graphics\graphicx.sty"
Package: graphicx 2017/06/01 v1.1a Enhanced LaTeX Graphics (DPC,SPQR)

("C:\Program Files\MiKTeX 2.9\tex\latex\graphics\graphics.sty"
Package: graphics 2017/06/25 v1.2c Standard LaTeX Graphics (DPC,SPQR)

("C:\Program Files\MiKTeX 2.9\tex\latex\graphics\trig.sty"
Package: trig 2016/01/03 v1.10 sin cos tan (DPC)
)
("C:\Program Files\MiKTeX 2.9\tex\latex\graphics-cfg\graphics.cfg"
File: graphics.cfg 2016/06/04 v1.11 sample graphics configuration
)
Package graphics Info: Driver file: pdftex.def on input line 99.
)
\Gin@req@height=\dimen122
\Gin@req@width=\dimen123
)
("C:\Program Files\MiKTeX 2.9\tex\latex\float\float.sty"
Package: float 2001/11/08 v1.3d Float enhancements (AL)
\c@float@type=\count103
\float@exts=\toks23
\float@box=\box28
\@float@everytoks=\toks24
\@floatcapt=\box29
)
(C:\Users\guest1\AppData\Roaming\MiKTeX\2.9\tex\latex\caption\subcaption.sty
Package: subcaption 2016/05/22 v1.1-161 Sub-captions (AR)

(C:\Users\guest1\AppData\Roaming\MiKTeX\2.9\tex\latex\caption\caption.sty
Package: caption 2016/02/21 v3.3-144 Customizing captions (AR)

(C:\Users\guest1\AppData\Roaming\MiKTeX\2.9\tex\latex\caption\caption3.sty
Package: caption3 2016/05/22 v1.7-166 caption3 kernel (AR)
Package caption3 Info: TeX engine: e-TeX on input line 67.
\captionmargin=\dimen124
\captionmargin@=\dimen125
\captionwidth=\dimen126
\caption@tempdima=\dimen127
\caption@indent=\dimen128
\caption@parindent=\dimen129
\caption@hangindent=\dimen130
)
\c@ContinuedFloat=\count104
Package caption Info: float package is loaded.
)
\c@subfigure=\count105
\c@subtable=\count106
)
("Low Frequency Impedance.aux")
\openout1 = `"Low Frequency Impedance.aux"'.

LaTeX Font Info:    Checking defaults for OML/cmm/m/it on input line 15.
LaTeX Font Info:    ... okay on input line 15.
LaTeX Font Info:    Checking defaults for T1/cmr/m/n on input line 15.
LaTeX Font Info:    ... okay on input line 15.
LaTeX Font Info:    Checking defaults for OT1/cmr/m/n on input line 15.
LaTeX Font Info:    ... okay on input line 15.
LaTeX Font Info:    Checking defaults for OMS/cmsy/m/n on input line 15.
LaTeX Font Info:    ... okay on input line 15.
LaTeX Font Info:    Checking defaults for OMX/cmex/m/n on input line 15.
LaTeX Font Info:    ... okay on input line 15.
LaTeX Font Info:    Checking defaults for U/cmr/m/n on input line 15.
LaTeX Font Info:    ... okay on input line 15.

*geometry* driver: auto-detecting
*geometry* detected driver: pdftex
*geometry* verbose mode - [ preamble ] result:
* driver: pdftex
* paper: a4paper
* layout: <same size as paper>
* layoutoffset:(h,v)=(0.0pt,0.0pt)
* modes: 
* h-part:(L,W,R)=(90.3375pt, 416.83289pt, 90.3375pt)
* v-part:(T,H,B)=(90.3375pt, 664.37186pt, 90.3375pt)
* \paperwidth=597.50787pt
* \paperheight=845.04684pt
* \textwidth=416.83289pt
* \textheight=664.37186pt
* \oddsidemargin=18.0675pt
* \evensidemargin=18.0675pt
* \topmargin=-18.9325pt
* \headheight=12.0pt
* \headsep=25.0pt
* \topskip=10.0pt
* \footskip=30.0pt
* \marginparwidth=57.0pt
* \marginparsep=11.0pt
* \columnsep=10.0pt
* \skip\footins=9.0pt plus 4.0pt minus 2.0pt
* \hoffset=0.0pt
* \voffset=0.0pt
* \mag=1000
* \@twocolumnfalse
* \@twosidefalse
* \@mparswitchfalse
* \@reversemarginfalse
* (1in=72.27pt=25.4mm, 1cm=28.453pt)

ABD: EverySelectfont initializing macros
LaTeX Info: Redefining \selectfont on input line 15.

(C:\Users\guest1\AppData\Roaming\MiKTeX\2.9\tex\context\base\supp-pdf.mkii
[Loading MPS to PDF converter (version 2006.09.02).]
\scratchcounter=\count107
\scratchdimen=\dimen131
\scratchbox=\box30
\nofMPsegments=\count108
\nofMParguments=\count109
\everyMPshowfont=\toks25
\MPscratchCnt=\count110
\MPscratchDim=\dimen132
\MPnumerator=\count111
\makeMPintoPDFobject=\count112
\everyMPtoPDFconversion=\toks26
) ("C:\Program Files\MiKTeX 2.9\tex\latex\oberdiek\epstopdf-base.sty"
Package: epstopdf-base 2016/05/15 v2.6 Base part for package epstopdf

("C:\Program Files\MiKTeX 2.9\tex\generic\oberdiek\infwarerr.sty"
Package: infwarerr 2016/05/16 v1.4 Providing info/warning/error messages (HO)
)
("C:\Program Files\MiKTeX 2.9\tex\latex\oberdiek\grfext.sty"
Package: grfext 2016/05/16 v1.2 Manage graphics extensions (HO)

("C:\Program Files\MiKTeX 2.9\tex\generic\oberdiek\kvdefinekeys.sty"
Package: kvdefinekeys 2016/05/16 v1.4 Define keys (HO)

("C:\Program Files\MiKTeX 2.9\tex\generic\oberdiek\ltxcmds.sty"
Package: ltxcmds 2016/05/16 v1.23 LaTeX kernel commands for general use (HO)
)))
("C:\Program Files\MiKTeX 2.9\tex\latex\oberdiek\kvoptions.sty"
Package: kvoptions 2016/05/16 v3.12 Key value format for package options (HO)

("C:\Program Files\MiKTeX 2.9\tex\generic\oberdiek\kvsetkeys.sty"
Package: kvsetkeys 2016/05/16 v1.17 Key value parser (HO)

("C:\Program Files\MiKTeX 2.9\tex\generic\oberdiek\etexcmds.sty"
Package: etexcmds 2016/05/16 v1.6 Avoid name clashes with e-TeX commands (HO)

("C:\Program Files\MiKTeX 2.9\tex\generic\oberdiek\ifluatex.sty"
Package: ifluatex 2016/05/16 v1.4 Provides the ifluatex switch (HO)
Package ifluatex Info: LuaTeX not detected.
)
Package etexcmds Info: Could not find \expanded.
(etexcmds)             That can mean that you are not using pdfTeX 1.50 or
(etexcmds)             that some package has redefined \expanded.
(etexcmds)             In the latter case, load this package earlier.
)))
("C:\Program Files\MiKTeX 2.9\tex\generic\oberdiek\pdftexcmds.sty"
Package: pdftexcmds 2017/03/19 v0.25 Utility functions of pdfTeX for LuaTeX (HO
)
Package pdftexcmds Info: LuaTeX not detected.
Package pdftexcmds Info: \pdf@primitive is available.
Package pdftexcmds Info: \pdf@ifprimitive is available.
Package pdftexcmds Info: \pdfdraftmode found.
)
Package epstopdf-base Info: Redefining graphics rule for `.eps' on input line 4
38.
Package grfext Info: Graphics extension search list:
(grfext)             [.pdf,.png,.jpg,.mps,.jpeg,.jbig2,.jb2,.PDF,.PNG,.JPG,.JPE
G,.JBIG2,.JB2,.eps]
(grfext)             \AppendGraphicsExtensions on input line 456.
)
Package caption Info: Begin \AtBeginDocument code.
Package caption Info: End \AtBeginDocument code.
 [1

{C:/Users/guest1/AppData/Local/MiKTeX/2.9/pdftex/config/pdftex.map}]
<voltagesource.png, id=9, 277.4114pt x 179.16937pt>
File: voltagesource.png Graphic file (type png)
<use voltagesource.png>
Package pdftex.def Info: voltagesource.png  used on input line 34. on input lin
e 34.
Package pdftex.def Info: Requested size: 208.41644pt x 134.60907pt on input lin
e 34.
 [2 <./voltagesource.png>] [3

]
LaTeX Font Info:    Try loading font information for OMS+cmr on input line 97.
 ("C:\Program Files\MiKTeX 2.9\tex\latex\base\omscmr.fd"
File: omscmr.fd 2014/09/29 v2.5h Standard LaTeX font definitions
)
LaTeX Font Info:    Font shape `OMS/cmr/m/n' in size <10> not available
(Font)              Font shape `OMS/cmsy/m/n' tried instead on input line 97.
File: voltagesource.png Graphic file (type png)
<use voltagesource.png>
Package pdftex.def Info: voltagesource.png  used on input line 109. on input li
ne 109.
Package pdftex.def Info: Requested size: 208.41644pt x 134.60907pt on input lin
e 109.
 [4

]
<zcircuit.png, id=25, 261.22594pt x 193.47281pt>
File: zcircuit.png Graphic file (type png)
<use zcircuit.png>
Package pdftex.def Info: zcircuit.png  used on input line 119. on input line 11
9.
Package pdftex.def Info: Requested size: 208.41644pt x 154.3622pt on input line
 119.

[5 <./zcircuit.png>]
<batterydata.png, id=29, 97.11281pt x 130.98938pt>
File: batterydata.png Graphic file (type png)
<use batterydata.png>
Package pdftex.def Info: batterydata.png  used on input line 139. on input line
 139.
Package pdftex.def Info: Requested size: 104.20822pt x 140.56297pt on input lin
e 139.
<batteryplot.png, id=30, 191.21437pt x 108.0286pt>
File: batteryplot.png Graphic file (type png)
<use batteryplot.png>
Package pdftex.def Info: batteryplot.png  used on input line 147. on input line
 147.
Package pdftex.def Info: Requested size: 416.83289pt x 235.52563pt on input lin
e 147.
 [6

 <./batterydata.png> <./batteryplot.png>]
Missing character: There is no Â in font cmr10!
Missing character: There is no ° in font cmr10!
<boxd.png, id=34, 627.46922pt x 386.94562pt>
File: boxd.png Graphic file (type png)
<use boxd.png>
Package pdftex.def Info: boxd.png  used on input line 158. on input line 158.
Package pdftex.def Info: Requested size: 416.83289pt x 257.06172pt on input lin
e 158.
<boxdconfig.png, id=35, 76.78688pt x 30.86531pt>
File: boxdconfig.png Graphic file (type png)
<use boxdconfig.png>
Package pdftex.def Info: boxdconfig.png  used on input line 165. on input line 
165.
Package pdftex.def Info: Requested size: 354.31049pt x 142.42854pt on input lin
e 165.
<boxdplot.png, id=36, 295.47891pt x 176.91093pt>
File: boxdplot.png Graphic file (type png)
<use boxdplot.png>
Package pdftex.def Info: boxdplot.png  used on input line 171. on input line 17
1.
Package pdftex.def Info: Requested size: 354.31049pt x 212.14087pt on input lin
e 171.
 [7

 <./boxd.png> <./boxdconfig.png>] [8 <./boxdplot.png>]
<boxdlinear.png, id=46, 209.28188pt x 145.66922pt>
File: boxdlinear.png Graphic file (type png)
<use boxdlinear.png>
Package pdftex.def Info: boxdlinear.png  used on input line 196. on input line 
196.
Package pdftex.def Info: Requested size: 354.31049pt x 246.61414pt on input lin
e 196.
 [9

 <./boxdlinear.png>]
<boxa.png, id=50, 627.46922pt x 386.94562pt>
File: boxa.png Graphic file (type png)
<use boxa.png>
Package pdftex.def Info: boxa.png  used on input line 204. on input line 204.
Package pdftex.def Info: Requested size: 416.83289pt x 257.06172pt on input lin
e 204.
File: boxdplot.png Graphic file (type png)
<use boxdplot.png>
Package pdftex.def Info: boxdplot.png  used on input line 210. on input line 21
0.
Package pdftex.def Info: Requested size: 295.95415pt x 177.19933pt on input lin
e 210.
 [10

 <./boxa.png>]
<boxaconfig.png, id=54, 76.78688pt x 30.86531pt>
File: boxaconfig.png Graphic file (type png)
<use boxaconfig.png>
Package pdftex.def Info: boxaconfig.png  used on input line 218. on input line 
218.
Package pdftex.def Info: Requested size: 354.31049pt x 142.42854pt on input lin
e 218.
<boxalinear.png, id=56, 266.87202pt x 135.12984pt>
File: boxalinear.png Graphic file (type png)
<use boxalinear.png>
Package pdftex.def Info: boxalinear.png  used on input line 224. on input line 
224.
Package pdftex.def Info: Requested size: 354.31049pt x 179.42143pt on input lin
e 224.
<boxaconfig2.png, id=57, 76.78688pt x 30.86531pt>
File: boxaconfig2.png Graphic file (type png)
<use boxaconfig2.png>
Package pdftex.def Info: boxaconfig2.png  used on input line 230. on input line
 230.
Package pdftex.def Info: Requested size: 208.41644pt x 83.78105pt on input line
 230.
 [11 <./boxaconfig.png> <./boxalinear.png> <./boxaconfig2.png>]
<boxe.png, id=64, 627.46922pt x 386.94562pt>
File: boxe.png Graphic file (type png)
<use boxe.png>
Package pdftex.def Info: boxe.png  used on input line 237. on input line 237.
Package pdftex.def Info: Requested size: 416.83289pt x 257.06172pt on input lin
e 237.
<boxeplot.png, id=65, 303.38344pt x 178.79297pt>
File: boxeplot.png Graphic file (type png)
<use boxeplot.png>
Package pdftex.def Info: boxeplot.png  used on input line 243. on input line 24
3.
Package pdftex.def Info: Requested size: 295.95415pt x 174.41653pt on input lin
e 243.
 [12

 <./boxe.png> <./boxeplot.png>]
<boxelinear.png, id=69, 250.68657pt x 139.27031pt>
File: boxelinear.png Graphic file (type png)
<use boxelinear.png>
Package pdftex.def Info: boxelinear.png  used on input line 257. on input line 
257.
Package pdftex.def Info: Requested size: 354.31049pt x 196.86205pt on input lin
e 257.
<boxeconfig.png, id=70, 147.17485pt x 36.88782pt>
File: boxeconfig.png Graphic file (type png)
<use boxeconfig.png>
Package pdftex.def Info: boxeconfig.png  used on input line 263. on input line 
263.
Package pdftex.def Info: Requested size: 208.41644pt x 52.23807pt on input line
 263.
 [13 <./boxelinear.png> <./boxeconfig.png>]
<signature.png, id=75, 116.68594pt x 89.20828pt>
File: signature.png Graphic file (type png)
<use signature.png>
Package pdftex.def Info: signature.png  used on input line 279. on input line 2
79.
Package pdftex.def Info: Requested size: 145.89404pt x 111.55087pt on input lin
e 279.
<spike.png, id=76, 298.49016pt x 147.92766pt>
File: spike.png Graphic file (type png)
<use spike.png>
Package pdftex.def Info: spike.png  used on input line 287. on input line 287.
Package pdftex.def Info: Requested size: 312.62466pt x 154.94261pt on input lin
e 287.
 [14

 <./signature.png> <./spike.png>] [15

] [16

] ("Low Frequency Impedance.aux") ) 
Here is how much of TeX's memory you used:
 4437 strings out of 493312
 65574 string characters out of 3138897
 138488 words of memory out of 3000000
 7910 multiletter control sequences out of 15000+200000
 9023 words of font info for 33 fonts, out of 3000000 for 9000
 1141 hyphenation exceptions out of 8191
 42i,7n,40p,950b,294s stack positions out of 5000i,500n,10000p,200000b,50000s
<C:/Program Files/MiKTeX 2.9/fonts/type1/pub
lic/amsfonts/cm/cmbx10.pfb><C:/Program Files/MiKTeX 2.9/fonts/type1/public/amsf
onts/cm/cmbx12.pfb><C:/Program Files/MiKTeX 2.9/fonts/type1/public/amsfonts/cm/
cmex10.pfb><C:/Program Files/MiKTeX 2.9/fonts/type1/public/amsfonts/cm/cmmi10.p
fb><C:/Program Files/MiKTeX 2.9/fonts/type1/public/amsfonts/cm/cmmi7.pfb><C:/Pr
ogram Files/MiKTeX 2.9/fonts/type1/public/amsfonts/cm/cmr10.pfb><C:/Program Fil
es/MiKTeX 2.9/fonts/type1/public/amsfonts/cm/cmr12.pfb><C:/Program Files/MiKTeX
 2.9/fonts/type1/public/amsfonts/cm/cmr17.pfb><C:/Program Files/MiKTeX 2.9/font
s/type1/public/amsfonts/cm/cmr5.pfb><C:/Program Files/MiKTeX 2.9/fonts/type1/pu
blic/amsfonts/cm/cmr7.pfb><C:/Program Files/MiKTeX 2.9/fonts/type1/public/amsfo
nts/cm/cmsy10.pfb><C:/Program Files/MiKTeX 2.9/fonts/type1/public/amsfonts/cm/c
msy7.pfb>
Output written on "Low Frequency Impedance.pdf" (16 pages, 687760 bytes).
PDF statistics:
 126 PDF objects out of 1000 (max. 8388607)
 0 named destinations out of 1000 (max. 500000)
 91 words of extra memory for PDF output out of 10000 (max. 10000000)

